
*** Running vivado
    with args -log system_wrapper.vdi -applog -m64 -product Vivado -messageDb vivado.pb -mode batch -source system_wrapper.tcl -notrace


****** Vivado v2019.1 (64-bit)
  **** SW Build 2552052 on Fri May 24 14:49:42 MDT 2019
  **** IP Build 2548770 on Fri May 24 18:01:18 MDT 2019
    ** Copyright 1986-2019 Xilinx, Inc. All Rights Reserved.

source system_wrapper.tcl -notrace
INFO: [IP_Flow 19-234] Refreshing IP repositories
INFO: [IP_Flow 19-1704] No user IP repositories specified
INFO: [IP_Flow 19-2313] Loaded Vivado IP repository 'C:/Xilinx/Vivado/2019.1/data/ip'.
Command: link_design -top system_wrapper -part xc7z020clg484-1
Design is defaulting to srcset: sources_1
Design is defaulting to constrset: constrs_1
INFO: [Device 21-403] Loading part xc7z020clg484-1
INFO: [Project 1-454] Reading design checkpoint 'd:/Projects/SOC_Projects/wave_generator/wave_generator.srcs/sources_1/bd/system/ip/system_axi_bram_ctrl_0_0/system_axi_bram_ctrl_0_0.dcp' for cell 'system_i/axi_bram_ctrl_0'
INFO: [Project 1-454] Reading design checkpoint 'd:/Projects/SOC_Projects/wave_generator/wave_generator.srcs/sources_1/bd/system/ip/system_axi_bram_ctrl_0_bram_0/system_axi_bram_ctrl_0_bram_0.dcp' for cell 'system_i/axi_bram_ctrl_0_bram'
INFO: [Project 1-454] Reading design checkpoint 'd:/Projects/SOC_Projects/wave_generator/wave_generator.srcs/sources_1/bd/system/ip/system_axi_smc_0/system_axi_smc_0.dcp' for cell 'system_i/axi_smc'
INFO: [Project 1-454] Reading design checkpoint 'd:/Projects/SOC_Projects/wave_generator/wave_generator.srcs/sources_1/bd/system/ip/system_processing_system7_0_0/system_processing_system7_0_0.dcp' for cell 'system_i/processing_system7_0'
INFO: [Project 1-454] Reading design checkpoint 'd:/Projects/SOC_Projects/wave_generator/wave_generator.srcs/sources_1/bd/system/ip/system_rst_ps7_0_100M_0/system_rst_ps7_0_100M_0.dcp' for cell 'system_i/rst_ps7_0_100M'
INFO: [Netlist 29-17] Analyzing 90 Unisim elements for replacement
INFO: [Netlist 29-28] Unisim Transformation completed in 0 CPU seconds
INFO: [Project 1-479] Netlist was created with Vivado 2019.1
INFO: [Project 1-570] Preparing netlist for logic optimization
Parsing XDC File [d:/Projects/SOC_Projects/wave_generator/wave_generator.srcs/sources_1/bd/system/ip/system_processing_system7_0_0/system_processing_system7_0_0.xdc] for cell 'system_i/processing_system7_0/inst'
Finished Parsing XDC File [d:/Projects/SOC_Projects/wave_generator/wave_generator.srcs/sources_1/bd/system/ip/system_processing_system7_0_0/system_processing_system7_0_0.xdc] for cell 'system_i/processing_system7_0/inst'
Parsing XDC File [d:/Projects/SOC_Projects/wave_generator/wave_generator.srcs/sources_1/bd/system/ip/system_axi_smc_0/bd_0/ip/ip_1/bd_44e3_psr_aclk_0_board.xdc] for cell 'system_i/axi_smc/inst/clk_map/psr_aclk/U0'
Finished Parsing XDC File [d:/Projects/SOC_Projects/wave_generator/wave_generator.srcs/sources_1/bd/system/ip/system_axi_smc_0/bd_0/ip/ip_1/bd_44e3_psr_aclk_0_board.xdc] for cell 'system_i/axi_smc/inst/clk_map/psr_aclk/U0'
Parsing XDC File [d:/Projects/SOC_Projects/wave_generator/wave_generator.srcs/sources_1/bd/system/ip/system_axi_smc_0/bd_0/ip/ip_1/bd_44e3_psr_aclk_0.xdc] for cell 'system_i/axi_smc/inst/clk_map/psr_aclk/U0'
Finished Parsing XDC File [d:/Projects/SOC_Projects/wave_generator/wave_generator.srcs/sources_1/bd/system/ip/system_axi_smc_0/bd_0/ip/ip_1/bd_44e3_psr_aclk_0.xdc] for cell 'system_i/axi_smc/inst/clk_map/psr_aclk/U0'
Parsing XDC File [d:/Projects/SOC_Projects/wave_generator/wave_generator.srcs/sources_1/bd/system/ip/system_rst_ps7_0_100M_0/system_rst_ps7_0_100M_0_board.xdc] for cell 'system_i/rst_ps7_0_100M/U0'
Finished Parsing XDC File [d:/Projects/SOC_Projects/wave_generator/wave_generator.srcs/sources_1/bd/system/ip/system_rst_ps7_0_100M_0/system_rst_ps7_0_100M_0_board.xdc] for cell 'system_i/rst_ps7_0_100M/U0'
Parsing XDC File [d:/Projects/SOC_Projects/wave_generator/wave_generator.srcs/sources_1/bd/system/ip/system_rst_ps7_0_100M_0/system_rst_ps7_0_100M_0.xdc] for cell 'system_i/rst_ps7_0_100M/U0'
Finished Parsing XDC File [d:/Projects/SOC_Projects/wave_generator/wave_generator.srcs/sources_1/bd/system/ip/system_rst_ps7_0_100M_0/system_rst_ps7_0_100M_0.xdc] for cell 'system_i/rst_ps7_0_100M/U0'
Sourcing Tcl File [C:/Xilinx/Vivado/2019.1/data/ip/xpm/xpm_memory/tcl/xpm_memory_xdc.tcl] for cell 'system_i/axi_smc/inst/s00_nodes/s00_ar_node/inst/inst_mi_handler/gen_normal_area.inst_fifo_node_payld/gen_xpm_memory_fifo.inst_fifo/gen_mem_rep[0].inst_xpm_memory'
Finished Sourcing Tcl File [C:/Xilinx/Vivado/2019.1/data/ip/xpm/xpm_memory/tcl/xpm_memory_xdc.tcl] for cell 'system_i/axi_smc/inst/s00_nodes/s00_ar_node/inst/inst_mi_handler/gen_normal_area.inst_fifo_node_payld/gen_xpm_memory_fifo.inst_fifo/gen_mem_rep[0].inst_xpm_memory'
Sourcing Tcl File [C:/Xilinx/Vivado/2019.1/data/ip/xpm/xpm_memory/tcl/xpm_memory_xdc.tcl] for cell 'system_i/axi_smc/inst/s00_nodes/s00_aw_node/inst/inst_mi_handler/gen_normal_area.inst_fifo_node_payld/gen_xpm_memory_fifo.inst_fifo/gen_mem_rep[0].inst_xpm_memory'
Finished Sourcing Tcl File [C:/Xilinx/Vivado/2019.1/data/ip/xpm/xpm_memory/tcl/xpm_memory_xdc.tcl] for cell 'system_i/axi_smc/inst/s00_nodes/s00_aw_node/inst/inst_mi_handler/gen_normal_area.inst_fifo_node_payld/gen_xpm_memory_fifo.inst_fifo/gen_mem_rep[0].inst_xpm_memory'
Sourcing Tcl File [C:/Xilinx/Vivado/2019.1/data/ip/xpm/xpm_memory/tcl/xpm_memory_xdc.tcl] for cell 'system_i/axi_smc/inst/s00_nodes/s00_b_node/inst/inst_mi_handler/gen_normal_area.inst_fifo_node_payld/gen_xpm_memory_fifo.inst_fifo/gen_mem_rep[0].inst_xpm_memory'
Finished Sourcing Tcl File [C:/Xilinx/Vivado/2019.1/data/ip/xpm/xpm_memory/tcl/xpm_memory_xdc.tcl] for cell 'system_i/axi_smc/inst/s00_nodes/s00_b_node/inst/inst_mi_handler/gen_normal_area.inst_fifo_node_payld/gen_xpm_memory_fifo.inst_fifo/gen_mem_rep[0].inst_xpm_memory'
Sourcing Tcl File [C:/Xilinx/Vivado/2019.1/data/ip/xpm/xpm_memory/tcl/xpm_memory_xdc.tcl] for cell 'system_i/axi_smc/inst/s00_nodes/s00_r_node/inst/inst_mi_handler/gen_normal_area.inst_fifo_node_payld/gen_xpm_memory_fifo.inst_fifo/gen_mem_rep[0].inst_xpm_memory'
Finished Sourcing Tcl File [C:/Xilinx/Vivado/2019.1/data/ip/xpm/xpm_memory/tcl/xpm_memory_xdc.tcl] for cell 'system_i/axi_smc/inst/s00_nodes/s00_r_node/inst/inst_mi_handler/gen_normal_area.inst_fifo_node_payld/gen_xpm_memory_fifo.inst_fifo/gen_mem_rep[0].inst_xpm_memory'
Sourcing Tcl File [C:/Xilinx/Vivado/2019.1/data/ip/xpm/xpm_memory/tcl/xpm_memory_xdc.tcl] for cell 'system_i/axi_smc/inst/s00_nodes/s00_w_node/inst/inst_mi_handler/gen_normal_area.inst_fifo_node_payld/gen_xpm_memory_fifo.inst_fifo/gen_mem_rep[0].inst_xpm_memory'
Finished Sourcing Tcl File [C:/Xilinx/Vivado/2019.1/data/ip/xpm/xpm_memory/tcl/xpm_memory_xdc.tcl] for cell 'system_i/axi_smc/inst/s00_nodes/s00_w_node/inst/inst_mi_handler/gen_normal_area.inst_fifo_node_payld/gen_xpm_memory_fifo.inst_fifo/gen_mem_rep[0].inst_xpm_memory'
INFO: [Opt 31-138] Pushed 0 inverter(s) to 0 load pin(s).
Generating merged BMM file for the design top 'system_wrapper'...
Netlist sorting complete. Time (s): cpu = 00:00:00 ; elapsed = 00:00:00.010 . Memory (MB): peak = 860.113 ; gain = 0.000
INFO: [Project 1-111] Unisim Transformation Summary:
  A total of 80 instances were transformed.
  RAM32M => RAM32M (RAMD32, RAMD32, RAMD32, RAMD32, RAMD32, RAMD32, RAMS32, RAMS32): 80 instances

15 Infos, 0 Warnings, 0 Critical Warnings and 0 Errors encountered.
link_design completed successfully
link_design: Time (s): cpu = 00:00:14 ; elapsed = 00:00:18 . Memory (MB): peak = 860.113 ; gain = 453.723
Command: opt_design
Attempting to get a license for feature 'Implementation' and/or device 'xc7z020'
INFO: [Common 17-349] Got license for feature 'Implementation' and/or device 'xc7z020'
Running DRC as a precondition to command opt_design

Starting DRC Task
INFO: [DRC 23-27] Running DRC with 2 threads
INFO: [Project 1-461] DRC finished with 0 Errors
INFO: [Project 1-462] Please refer to the DRC report (report_drc) for more information.

Time (s): cpu = 00:00:02 ; elapsed = 00:00:00.866 . Memory (MB): peak = 880.113 ; gain = 20.000

Starting Cache Timing Information Task
INFO: [Timing 38-35] Done setting XDC timing constraints.
Ending Cache Timing Information Task | Checksum: 1a9e6a702

Time (s): cpu = 00:00:10 ; elapsed = 00:00:11 . Memory (MB): peak = 1425.113 ; gain = 545.000

Starting Logic Optimization Task

Phase 1 Retarget
INFO: [Opt 31-138] Pushed 11 inverter(s) to 71 load pin(s).
INFO: [Opt 31-49] Retargeted 0 cell(s).
Phase 1 Retarget | Checksum: 1ec0b5421

Time (s): cpu = 00:00:01 ; elapsed = 00:00:00.477 . Memory (MB): peak = 1569.004 ; gain = 0.000
INFO: [Opt 31-389] Phase Retarget created 21 cells and removed 61 cells
INFO: [Opt 31-1021] In phase Retarget, 15 netlist objects are constrained preventing optimization. Please run opt_design with -debug_log to get more detail. 

Phase 2 Constant propagation
INFO: [Opt 31-138] Pushed 0 inverter(s) to 0 load pin(s).
Phase 2 Constant propagation | Checksum: 17ad1876c

Time (s): cpu = 00:00:01 ; elapsed = 00:00:00.621 . Memory (MB): peak = 1569.004 ; gain = 0.000
INFO: [Opt 31-389] Phase Constant propagation created 78 cells and removed 129 cells
INFO: [Opt 31-1021] In phase Constant propagation, 20 netlist objects are constrained preventing optimization. Please run opt_design with -debug_log to get more detail. 

Phase 3 Sweep
Phase 3 Sweep | Checksum: 1d1eac7c7

Time (s): cpu = 00:00:03 ; elapsed = 00:00:03 . Memory (MB): peak = 1569.004 ; gain = 0.000
INFO: [Opt 31-389] Phase Sweep created 0 cells and removed 1268 cells
INFO: [Opt 31-1021] In phase Sweep, 25 netlist objects are constrained preventing optimization. Please run opt_design with -debug_log to get more detail. 

Phase 4 BUFG optimization
Phase 4 BUFG optimization | Checksum: 1d1eac7c7

Time (s): cpu = 00:00:03 ; elapsed = 00:00:03 . Memory (MB): peak = 1569.004 ; gain = 0.000
INFO: [Opt 31-662] Phase BUFG optimization created 0 cells of which 0 are BUFGs and removed 0 cells.

Phase 5 Shift Register Optimization
INFO: [Opt 31-1064] SRL Remap converted 0 SRLs to 0 registers and converted 0 registers of register chains to 0 SRLs
Phase 5 Shift Register Optimization | Checksum: 1d1eac7c7

Time (s): cpu = 00:00:03 ; elapsed = 00:00:03 . Memory (MB): peak = 1569.004 ; gain = 0.000
INFO: [Opt 31-389] Phase Shift Register Optimization created 0 cells and removed 0 cells

Phase 6 Post Processing Netlist
Phase 6 Post Processing Netlist | Checksum: 1d1eac7c7

Time (s): cpu = 00:00:03 ; elapsed = 00:00:03 . Memory (MB): peak = 1569.004 ; gain = 0.000
INFO: [Opt 31-389] Phase Post Processing Netlist created 0 cells and removed 0 cells
INFO: [Opt 31-1021] In phase Post Processing Netlist, 15 netlist objects are constrained preventing optimization. Please run opt_design with -debug_log to get more detail. 
Opt_design Change Summary
=========================


-------------------------------------------------------------------------------------------------------------------------
|  Phase                        |  #Cells created  |  #Cells Removed  |  #Constrained objects preventing optimizations  |
-------------------------------------------------------------------------------------------------------------------------
|  Retarget                     |              21  |              61  |                                             15  |
|  Constant propagation         |              78  |             129  |                                             20  |
|  Sweep                        |               0  |            1268  |                                             25  |
|  BUFG optimization            |               0  |               0  |                                              0  |
|  Shift Register Optimization  |               0  |               0  |                                              0  |
|  Post Processing Netlist      |               0  |               0  |                                             15  |
-------------------------------------------------------------------------------------------------------------------------



Starting Connectivity Check Task

Time (s): cpu = 00:00:00 ; elapsed = 00:00:00.011 . Memory (MB): peak = 1569.004 ; gain = 0.000
Ending Logic Optimization Task | Checksum: fdff4e1b

Time (s): cpu = 00:00:04 ; elapsed = 00:00:03 . Memory (MB): peak = 1569.004 ; gain = 0.000

Starting Power Optimization Task
INFO: [Pwropt 34-132] Skipping clock gating for clocks with a period < 2.00 ns.
INFO: [Pwropt 34-9] Applying IDT optimizations ...
INFO: [Pwropt 34-10] Applying ODC optimizations ...
INFO: [Timing 38-35] Done setting XDC timing constraints.
INFO: [Physopt 32-619] Estimated Timing Summary | WNS=4.483 | TNS=0.000 |
Running Vector-less Activity Propagation...

Finished Running Vector-less Activity Propagation


Starting PowerOpt Patch Enables Task
INFO: [Pwropt 34-162] WRITE_MODE attribute of 2 BRAM(s) out of a total of 2 has been updated to save power. Run report_power_opt to get a complete listing of the BRAMs updated.
INFO: [Pwropt 34-201] Structural ODC has moved 0 WE to EN ports
Number of BRAM Ports augmented: 2 newly gated: 0 Total Ports: 4
Ending PowerOpt Patch Enables Task | Checksum: 148af03ee

Time (s): cpu = 00:00:00 ; elapsed = 00:00:00.038 . Memory (MB): peak = 1730.344 ; gain = 0.000
Ending Power Optimization Task | Checksum: 148af03ee

Time (s): cpu = 00:00:03 ; elapsed = 00:00:02 . Memory (MB): peak = 1730.344 ; gain = 161.340

Starting Final Cleanup Task

Starting Logic Optimization Task
INFO: [Timing 38-35] Done setting XDC timing constraints.
Ending Logic Optimization Task | Checksum: 1cabc594e

Time (s): cpu = 00:00:01 ; elapsed = 00:00:00.615 . Memory (MB): peak = 1730.344 ; gain = 0.000
Ending Final Cleanup Task | Checksum: 1cabc594e

Time (s): cpu = 00:00:03 ; elapsed = 00:00:03 . Memory (MB): peak = 1730.344 ; gain = 0.000

Starting Netlist Obfuscation Task
Netlist sorting complete. Time (s): cpu = 00:00:00 ; elapsed = 00:00:00.004 . Memory (MB): peak = 1730.344 ; gain = 0.000
Ending Netlist Obfuscation Task | Checksum: 1cabc594e

Time (s): cpu = 00:00:00 ; elapsed = 00:00:00.004 . Memory (MB): peak = 1730.344 ; gain = 0.000
INFO: [Common 17-83] Releasing license: Implementation
43 Infos, 0 Warnings, 0 Critical Warnings and 0 Errors encountered.
opt_design completed successfully
opt_design: Time (s): cpu = 00:00:24 ; elapsed = 00:00:22 . Memory (MB): peak = 1730.344 ; gain = 870.230
Netlist sorting complete. Time (s): cpu = 00:00:00 ; elapsed = 00:00:00.004 . Memory (MB): peak = 1730.344 ; gain = 0.000
INFO: [Timing 38-480] Writing timing data to binary archive.
Writing placer database...
Writing XDEF routing.
Writing XDEF routing logical nets.
Writing XDEF routing special nets.
Write XDEF Complete: Time (s): cpu = 00:00:00 ; elapsed = 00:00:00.091 . Memory (MB): peak = 1730.344 ; gain = 0.000
INFO: [Common 17-1381] The checkpoint 'D:/Projects/SOC_Projects/wave_generator/wave_generator.runs/impl_1/system_wrapper_opt.dcp' has been generated.
INFO: [runtcl-4] Executing : report_drc -file system_wrapper_drc_opted.rpt -pb system_wrapper_drc_opted.pb -rpx system_wrapper_drc_opted.rpx
Command: report_drc -file system_wrapper_drc_opted.rpt -pb system_wrapper_drc_opted.pb -rpx system_wrapper_drc_opted.rpx
INFO: [IP_Flow 19-1839] IP Catalog is up to date.
INFO: [DRC 23-27] Running DRC with 2 threads
INFO: [Coretcl 2-168] The results of DRC are in file D:/Projects/SOC_Projects/wave_generator/wave_generator.runs/impl_1/system_wrapper_drc_opted.rpt.
report_drc completed successfully
Command: place_design
Attempting to get a license for feature 'Implementation' and/or device 'xc7z020'
INFO: [Common 17-349] Got license for feature 'Implementation' and/or device 'xc7z020'
INFO: [DRC 23-27] Running DRC with 2 threads
INFO: [Vivado_Tcl 4-198] DRC finished with 0 Errors
INFO: [Vivado_Tcl 4-199] Please refer to the DRC report (report_drc) for more information.
Running DRC as a precondition to command place_design
INFO: [DRC 23-27] Running DRC with 2 threads
INFO: [Vivado_Tcl 4-198] DRC finished with 0 Errors
INFO: [Vivado_Tcl 4-199] Please refer to the DRC report (report_drc) for more information.

Starting Placer Task
INFO: [Place 30-611] Multithreading enabled for place_design using a maximum of 2 CPUs

Phase 1 Placer Initialization

Phase 1.1 Placer Initialization Netlist Sorting
Netlist sorting complete. Time (s): cpu = 00:00:00 ; elapsed = 00:00:00.004 . Memory (MB): peak = 1730.344 ; gain = 0.000
Phase 1.1 Placer Initialization Netlist Sorting | Checksum: dced5f76

Time (s): cpu = 00:00:00 ; elapsed = 00:00:00.017 . Memory (MB): peak = 1730.344 ; gain = 0.000
Netlist sorting complete. Time (s): cpu = 00:00:00 ; elapsed = 00:00:00.003 . Memory (MB): peak = 1730.344 ; gain = 0.000

Phase 1.2 IO Placement/ Clock Placement/ Build Placer Device
INFO: [Timing 38-35] Done setting XDC timing constraints.
Phase 1.2 IO Placement/ Clock Placement/ Build Placer Device | Checksum: eb7c42f5

Time (s): cpu = 00:00:02 ; elapsed = 00:00:02 . Memory (MB): peak = 1730.344 ; gain = 0.000

Phase 1.3 Build Placer Netlist Model
Phase 1.3 Build Placer Netlist Model | Checksum: 135487479

Time (s): cpu = 00:00:04 ; elapsed = 00:00:03 . Memory (MB): peak = 1730.344 ; gain = 0.000

Phase 1.4 Constrain Clocks/Macros
Phase 1.4 Constrain Clocks/Macros | Checksum: 135487479

Time (s): cpu = 00:00:04 ; elapsed = 00:00:03 . Memory (MB): peak = 1730.344 ; gain = 0.000
Phase 1 Placer Initialization | Checksum: 135487479

Time (s): cpu = 00:00:04 ; elapsed = 00:00:03 . Memory (MB): peak = 1730.344 ; gain = 0.000

Phase 2 Global Placement

Phase 2.1 Floorplanning
Phase 2.1 Floorplanning | Checksum: 1859f1815

Time (s): cpu = 00:00:04 ; elapsed = 00:00:04 . Memory (MB): peak = 1730.344 ; gain = 0.000

Phase 2.2 Global Placement Core

Phase 2.2.1 Physical Synthesis In Placer
INFO: [Physopt 32-65] No nets found for high-fanout optimization.
INFO: [Physopt 32-232] Optimized 0 net. Created 0 new instance.
INFO: [Physopt 32-775] End 1 Pass. Optimized 0 net or cell. Created 0 new cell, deleted 0 existing cell and moved 0 existing cell
INFO: [Physopt 32-670] No setup violation found.  DSP Register Optimization was not performed.
INFO: [Physopt 32-670] No setup violation found.  Shift Register Optimization was not performed.
INFO: [Physopt 32-670] No setup violation found.  BRAM Register Optimization was not performed.
INFO: [Physopt 32-949] No candidate nets found for HD net replication
INFO: [Physopt 32-775] End 1 Pass. Optimized 0 net or cell. Created 0 new cell, deleted 0 existing cell and moved 0 existing cell
Netlist sorting complete. Time (s): cpu = 00:00:00 ; elapsed = 00:00:00.004 . Memory (MB): peak = 1730.344 ; gain = 0.000

Summary of Physical Synthesis Optimizations
============================================


----------------------------------------------------------------------------------------------------------------------------------------
|  Optimization                  |  Added Cells  |  Removed Cells  |  Optimized Cells/Nets  |  Dont Touch  |  Iterations  |  Elapsed   |
----------------------------------------------------------------------------------------------------------------------------------------
|  Very High Fanout              |            0  |              0  |                     0  |           0  |           1  |  00:00:00  |
|  DSP Register                  |            0  |              0  |                     0  |           0  |           0  |  00:00:00  |
|  Shift Register                |            0  |              0  |                     0  |           0  |           0  |  00:00:00  |
|  BRAM Register                 |            0  |              0  |                     0  |           0  |           0  |  00:00:00  |
|  HD Interface Net Replication  |            0  |              0  |                     0  |           0  |           1  |  00:00:00  |
|  Total                         |            0  |              0  |                     0  |           0  |           2  |  00:00:00  |
----------------------------------------------------------------------------------------------------------------------------------------


Phase 2.2.1 Physical Synthesis In Placer | Checksum: 218932795

Time (s): cpu = 00:00:12 ; elapsed = 00:00:08 . Memory (MB): peak = 1730.344 ; gain = 0.000
Phase 2.2 Global Placement Core | Checksum: 1a12fc840

Time (s): cpu = 00:00:13 ; elapsed = 00:00:08 . Memory (MB): peak = 1730.344 ; gain = 0.000
Phase 2 Global Placement | Checksum: 1a12fc840

Time (s): cpu = 00:00:13 ; elapsed = 00:00:08 . Memory (MB): peak = 1730.344 ; gain = 0.000

Phase 3 Detail Placement

Phase 3.1 Commit Multi Column Macros
Phase 3.1 Commit Multi Column Macros | Checksum: 182eff616

Time (s): cpu = 00:00:13 ; elapsed = 00:00:08 . Memory (MB): peak = 1730.344 ; gain = 0.000

Phase 3.2 Commit Most Macros & LUTRAMs
Phase 3.2 Commit Most Macros & LUTRAMs | Checksum: 1a4fb14ed

Time (s): cpu = 00:00:14 ; elapsed = 00:00:09 . Memory (MB): peak = 1730.344 ; gain = 0.000

Phase 3.3 Area Swap Optimization
Phase 3.3 Area Swap Optimization | Checksum: 14e117332

Time (s): cpu = 00:00:14 ; elapsed = 00:00:09 . Memory (MB): peak = 1730.344 ; gain = 0.000

Phase 3.4 Pipeline Register Optimization
Phase 3.4 Pipeline Register Optimization | Checksum: 1301f2ff9

Time (s): cpu = 00:00:14 ; elapsed = 00:00:09 . Memory (MB): peak = 1730.344 ; gain = 0.000

Phase 3.5 Small Shape Detail Placement
Phase 3.5 Small Shape Detail Placement | Checksum: daa8496a

Time (s): cpu = 00:00:16 ; elapsed = 00:00:10 . Memory (MB): peak = 1730.344 ; gain = 0.000

Phase 3.6 Re-assign LUT pins
Phase 3.6 Re-assign LUT pins | Checksum: 16fd1fcc0

Time (s): cpu = 00:00:16 ; elapsed = 00:00:11 . Memory (MB): peak = 1730.344 ; gain = 0.000

Phase 3.7 Pipeline Register Optimization
Phase 3.7 Pipeline Register Optimization | Checksum: 1cdabbf77

Time (s): cpu = 00:00:16 ; elapsed = 00:00:11 . Memory (MB): peak = 1730.344 ; gain = 0.000
Phase 3 Detail Placement | Checksum: 1cdabbf77

Time (s): cpu = 00:00:16 ; elapsed = 00:00:11 . Memory (MB): peak = 1730.344 ; gain = 0.000

Phase 4 Post Placement Optimization and Clean-Up

Phase 4.1 Post Commit Optimization
INFO: [Timing 38-35] Done setting XDC timing constraints.

Phase 4.1.1 Post Placement Optimization
Post Placement Optimization Initialization | Checksum: 1af327302

Phase 4.1.1.1 BUFG Insertion
INFO: [Place 46-56] BUFG insertion identified 0 candidate nets. Inserted BUFG: 0, Replicated BUFG Driver: 0, Skipped due to Placement/Routing Conflicts: 0, Skipped due to Timing Degradation: 0, Skipped due to Illegal Netlist: 0.
Phase 4.1.1.1 BUFG Insertion | Checksum: 1af327302

Time (s): cpu = 00:00:18 ; elapsed = 00:00:12 . Memory (MB): peak = 1730.344 ; gain = 0.000
INFO: [Place 30-746] Post Placement Timing Summary WNS=3.565. For the most accurate timing information please run report_timing.
Phase 4.1.1 Post Placement Optimization | Checksum: f3ebaa13

Time (s): cpu = 00:00:18 ; elapsed = 00:00:12 . Memory (MB): peak = 1730.344 ; gain = 0.000
Phase 4.1 Post Commit Optimization | Checksum: f3ebaa13

Time (s): cpu = 00:00:18 ; elapsed = 00:00:12 . Memory (MB): peak = 1730.344 ; gain = 0.000

Phase 4.2 Post Placement Cleanup
Phase 4.2 Post Placement Cleanup | Checksum: f3ebaa13

Time (s): cpu = 00:00:18 ; elapsed = 00:00:12 . Memory (MB): peak = 1730.344 ; gain = 0.000

Phase 4.3 Placer Reporting
Phase 4.3 Placer Reporting | Checksum: f3ebaa13

Time (s): cpu = 00:00:18 ; elapsed = 00:00:12 . Memory (MB): peak = 1730.344 ; gain = 0.000

Phase 4.4 Final Placement Cleanup
Netlist sorting complete. Time (s): cpu = 00:00:00 ; elapsed = 00:00:00.008 . Memory (MB): peak = 1730.344 ; gain = 0.000
Phase 4.4 Final Placement Cleanup | Checksum: 19261221d

Time (s): cpu = 00:00:18 ; elapsed = 00:00:12 . Memory (MB): peak = 1730.344 ; gain = 0.000
Phase 4 Post Placement Optimization and Clean-Up | Checksum: 19261221d

Time (s): cpu = 00:00:18 ; elapsed = 00:00:12 . Memory (MB): peak = 1730.344 ; gain = 0.000
Ending Placer Task | Checksum: 16c20b39e

Time (s): cpu = 00:00:18 ; elapsed = 00:00:12 . Memory (MB): peak = 1730.344 ; gain = 0.000
INFO: [Common 17-83] Releasing license: Implementation
70 Infos, 0 Warnings, 0 Critical Warnings and 0 Errors encountered.
place_design completed successfully
place_design: Time (s): cpu = 00:00:20 ; elapsed = 00:00:13 . Memory (MB): peak = 1730.344 ; gain = 0.000
Netlist sorting complete. Time (s): cpu = 00:00:00 ; elapsed = 00:00:00.005 . Memory (MB): peak = 1730.344 ; gain = 0.000
INFO: [Timing 38-480] Writing timing data to binary archive.
Writing placer database...
Writing XDEF routing.
Writing XDEF routing logical nets.
Writing XDEF routing special nets.
Write XDEF Complete: Time (s): cpu = 00:00:01 ; elapsed = 00:00:00.406 . Memory (MB): peak = 1730.344 ; gain = 0.000
INFO: [Common 17-1381] The checkpoint 'D:/Projects/SOC_Projects/wave_generator/wave_generator.runs/impl_1/system_wrapper_placed.dcp' has been generated.
INFO: [runtcl-4] Executing : report_io -file system_wrapper_io_placed.rpt
report_io: Time (s): cpu = 00:00:00 ; elapsed = 00:00:00.080 . Memory (MB): peak = 1730.344 ; gain = 0.000
INFO: [runtcl-4] Executing : report_utilization -file system_wrapper_utilization_placed.rpt -pb system_wrapper_utilization_placed.pb
INFO: [runtcl-4] Executing : report_control_sets -verbose -file system_wrapper_control_sets_placed.rpt
report_control_sets: Time (s): cpu = 00:00:00 ; elapsed = 00:00:00.132 . Memory (MB): peak = 1730.344 ; gain = 0.000
Command: route_design
Attempting to get a license for feature 'Implementation' and/or device 'xc7z020'
INFO: [Common 17-349] Got license for feature 'Implementation' and/or device 'xc7z020'
Running DRC as a precondition to command route_design
INFO: [DRC 23-27] Running DRC with 2 threads
INFO: [Vivado_Tcl 4-198] DRC finished with 0 Errors
INFO: [Vivado_Tcl 4-199] Please refer to the DRC report (report_drc) for more information.


Starting Routing Task
INFO: [Route 35-254] Multithreading enabled for route_design using a maximum of 2 CPUs
Checksum: PlaceDB: c2738203 ConstDB: 0 ShapeSum: a9ad319b RouteDB: 0

Phase 1 Build RT Design
Phase 1 Build RT Design | Checksum: dfa8d0c3

Time (s): cpu = 00:00:35 ; elapsed = 00:00:31 . Memory (MB): peak = 1730.344 ; gain = 0.000
Post Restoration Checksum: NetGraph: eb8a53a NumContArr: d0f02b89 Constraints: 0 Timing: 0

Phase 2 Router Initialization

Phase 2.1 Create Timer
Phase 2.1 Create Timer | Checksum: dfa8d0c3

Time (s): cpu = 00:00:35 ; elapsed = 00:00:31 . Memory (MB): peak = 1730.344 ; gain = 0.000

Phase 2.2 Fix Topology Constraints
Phase 2.2 Fix Topology Constraints | Checksum: dfa8d0c3

Time (s): cpu = 00:00:35 ; elapsed = 00:00:31 . Memory (MB): peak = 1736.688 ; gain = 6.344

Phase 2.3 Pre Route Cleanup
Phase 2.3 Pre Route Cleanup | Checksum: dfa8d0c3

Time (s): cpu = 00:00:35 ; elapsed = 00:00:31 . Memory (MB): peak = 1736.688 ; gain = 6.344
 Number of Nodes with overlaps = 0

Phase 2.4 Update Timing
Phase 2.4 Update Timing | Checksum: 1d44be414

Time (s): cpu = 00:00:37 ; elapsed = 00:00:32 . Memory (MB): peak = 1761.176 ; gain = 30.832
INFO: [Route 35-416] Intermediate Timing Summary | WNS=3.661  | TNS=0.000  | WHS=-0.304 | THS=-117.887|

Phase 2 Router Initialization | Checksum: 1bb5e6a27

Time (s): cpu = 00:00:38 ; elapsed = 00:00:33 . Memory (MB): peak = 1761.176 ; gain = 30.832

Router Utilization Summary
  Global Vertical Routing Utilization    = 0 %
  Global Horizontal Routing Utilization  = 0 %
  Routable Net Status*
  *Does not include unroutable nets such as driverless and loadless.
  Run report_route_status for detailed report.
  Number of Failed Nets               = 3199
    (Failed Nets is the sum of unrouted and partially routed nets)
  Number of Unrouted Nets             = 3199
  Number of Partially Routed Nets     = 0
  Number of Node Overlaps             = 0


Phase 3 Initial Routing
Phase 3 Initial Routing | Checksum: 19b778832

Time (s): cpu = 00:00:39 ; elapsed = 00:00:33 . Memory (MB): peak = 1761.176 ; gain = 30.832

Phase 4 Rip-up And Reroute

Phase 4.1 Global Iteration 0
 Number of Nodes with overlaps = 327
 Number of Nodes with overlaps = 4
 Number of Nodes with overlaps = 1
 Number of Nodes with overlaps = 0
INFO: [Route 35-416] Intermediate Timing Summary | WNS=3.852  | TNS=0.000  | WHS=N/A    | THS=N/A    |

Phase 4.1 Global Iteration 0 | Checksum: 117bd1c3a

Time (s): cpu = 00:00:41 ; elapsed = 00:00:34 . Memory (MB): peak = 1761.176 ; gain = 30.832

Phase 4.2 Global Iteration 1
 Number of Nodes with overlaps = 2
 Number of Nodes with overlaps = 0
INFO: [Route 35-416] Intermediate Timing Summary | WNS=3.852  | TNS=0.000  | WHS=N/A    | THS=N/A    |

Phase 4.2 Global Iteration 1 | Checksum: e298a3a3

Time (s): cpu = 00:00:41 ; elapsed = 00:00:35 . Memory (MB): peak = 1761.176 ; gain = 30.832
Phase 4 Rip-up And Reroute | Checksum: e298a3a3

Time (s): cpu = 00:00:41 ; elapsed = 00:00:35 . Memory (MB): peak = 1761.176 ; gain = 30.832

Phase 5 Delay and Skew Optimization

Phase 5.1 Delay CleanUp

Phase 5.1.1 Update Timing
Phase 5.1.1 Update Timing | Checksum: fe713b21

Time (s): cpu = 00:00:41 ; elapsed = 00:00:35 . Memory (MB): peak = 1761.176 ; gain = 30.832
INFO: [Route 35-416] Intermediate Timing Summary | WNS=3.866  | TNS=0.000  | WHS=N/A    | THS=N/A    |

Phase 5.1 Delay CleanUp | Checksum: fe713b21

Time (s): cpu = 00:00:41 ; elapsed = 00:00:35 . Memory (MB): peak = 1761.176 ; gain = 30.832

Phase 5.2 Clock Skew Optimization
Phase 5.2 Clock Skew Optimization | Checksum: fe713b21

Time (s): cpu = 00:00:41 ; elapsed = 00:00:35 . Memory (MB): peak = 1761.176 ; gain = 30.832
Phase 5 Delay and Skew Optimization | Checksum: fe713b21

Time (s): cpu = 00:00:41 ; elapsed = 00:00:35 . Memory (MB): peak = 1761.176 ; gain = 30.832

Phase 6 Post Hold Fix

Phase 6.1 Hold Fix Iter

Phase 6.1.1 Update Timing
Phase 6.1.1 Update Timing | Checksum: 68400b92

Time (s): cpu = 00:00:41 ; elapsed = 00:00:35 . Memory (MB): peak = 1761.176 ; gain = 30.832
INFO: [Route 35-416] Intermediate Timing Summary | WNS=3.866  | TNS=0.000  | WHS=0.052  | THS=0.000  |

Phase 6.1 Hold Fix Iter | Checksum: 58ead26a

Time (s): cpu = 00:00:41 ; elapsed = 00:00:35 . Memory (MB): peak = 1761.176 ; gain = 30.832
Phase 6 Post Hold Fix | Checksum: 58ead26a

Time (s): cpu = 00:00:41 ; elapsed = 00:00:35 . Memory (MB): peak = 1761.176 ; gain = 30.832

Phase 7 Route finalize

Router Utilization Summary
  Global Vertical Routing Utilization    = 0.455732 %
  Global Horizontal Routing Utilization  = 0.569895 %
  Routable Net Status*
  *Does not include unroutable nets such as driverless and loadless.
  Run report_route_status for detailed report.
  Number of Failed Nets               = 0
    (Failed Nets is the sum of unrouted and partially routed nets)
  Number of Unrouted Nets             = 0
  Number of Partially Routed Nets     = 0
  Number of Node Overlaps             = 0

Phase 7 Route finalize | Checksum: aed59778

Time (s): cpu = 00:00:41 ; elapsed = 00:00:35 . Memory (MB): peak = 1761.176 ; gain = 30.832

Phase 8 Verifying routed nets

 Verification completed successfully
Phase 8 Verifying routed nets | Checksum: aed59778

Time (s): cpu = 00:00:41 ; elapsed = 00:00:35 . Memory (MB): peak = 1761.176 ; gain = 30.832

Phase 9 Depositing Routes
Phase 9 Depositing Routes | Checksum: 114c7005e

Time (s): cpu = 00:00:42 ; elapsed = 00:00:36 . Memory (MB): peak = 1761.176 ; gain = 30.832

Phase 10 Post Router Timing
INFO: [Route 35-57] Estimated Timing Summary | WNS=3.866  | TNS=0.000  | WHS=0.052  | THS=0.000  |

INFO: [Route 35-327] The final timing numbers are based on the router estimated timing analysis. For a complete and accurate timing signoff, please run report_timing_summary.
Phase 10 Post Router Timing | Checksum: 114c7005e

Time (s): cpu = 00:00:42 ; elapsed = 00:00:36 . Memory (MB): peak = 1761.176 ; gain = 30.832
INFO: [Route 35-16] Router Completed Successfully

Time (s): cpu = 00:00:42 ; elapsed = 00:00:36 . Memory (MB): peak = 1761.176 ; gain = 30.832

Routing Is Done.
INFO: [Common 17-83] Releasing license: Implementation
89 Infos, 0 Warnings, 0 Critical Warnings and 0 Errors encountered.
route_design completed successfully
route_design: Time (s): cpu = 00:00:44 ; elapsed = 00:00:37 . Memory (MB): peak = 1761.176 ; gain = 30.832
Netlist sorting complete. Time (s): cpu = 00:00:00 ; elapsed = 00:00:00.006 . Memory (MB): peak = 1761.176 ; gain = 0.000
INFO: [Timing 38-480] Writing timing data to binary archive.
Writing placer database...
Writing XDEF routing.
Writing XDEF routing logical nets.
Writing XDEF routing special nets.
Write XDEF Complete: Time (s): cpu = 00:00:02 ; elapsed = 00:00:00.546 . Memory (MB): peak = 1768.102 ; gain = 6.926
INFO: [Common 17-1381] The checkpoint 'D:/Projects/SOC_Projects/wave_generator/wave_generator.runs/impl_1/system_wrapper_routed.dcp' has been generated.
INFO: [runtcl-4] Executing : report_drc -file system_wrapper_drc_routed.rpt -pb system_wrapper_drc_routed.pb -rpx system_wrapper_drc_routed.rpx
Command: report_drc -file system_wrapper_drc_routed.rpt -pb system_wrapper_drc_routed.pb -rpx system_wrapper_drc_routed.rpx
INFO: [IP_Flow 19-1839] IP Catalog is up to date.
INFO: [DRC 23-27] Running DRC with 2 threads
INFO: [Coretcl 2-168] The results of DRC are in file D:/Projects/SOC_Projects/wave_generator/wave_generator.runs/impl_1/system_wrapper_drc_routed.rpt.
report_drc completed successfully
INFO: [runtcl-4] Executing : report_methodology -file system_wrapper_methodology_drc_routed.rpt -pb system_wrapper_methodology_drc_routed.pb -rpx system_wrapper_methodology_drc_routed.rpx
Command: report_methodology -file system_wrapper_methodology_drc_routed.rpt -pb system_wrapper_methodology_drc_routed.pb -rpx system_wrapper_methodology_drc_routed.rpx
INFO: [Timing 38-35] Done setting XDC timing constraints.
INFO: [DRC 23-133] Running Methodology with 2 threads
INFO: [Coretcl 2-1520] The results of Report Methodology are in file D:/Projects/SOC_Projects/wave_generator/wave_generator.runs/impl_1/system_wrapper_methodology_drc_routed.rpt.
report_methodology completed successfully
INFO: [runtcl-4] Executing : report_power -file system_wrapper_power_routed.rpt -pb system_wrapper_power_summary_routed.pb -rpx system_wrapper_power_routed.rpx
Command: report_power -file system_wrapper_power_routed.rpt -pb system_wrapper_power_summary_routed.pb -rpx system_wrapper_power_routed.rpx
INFO: [Timing 38-35] Done setting XDC timing constraints.
Running Vector-less Activity Propagation...

Finished Running Vector-less Activity Propagation
101 Infos, 0 Warnings, 0 Critical Warnings and 0 Errors encountered.
report_power completed successfully
INFO: [runtcl-4] Executing : report_route_status -file system_wrapper_route_status.rpt -pb system_wrapper_route_status.pb
INFO: [runtcl-4] Executing : report_timing_summary -max_paths 10 -file system_wrapper_timing_summary_routed.rpt -pb system_wrapper_timing_summary_routed.pb -rpx system_wrapper_timing_summary_routed.rpx -warn_on_violation 
INFO: [Timing 38-91] UpdateTimingParams: Speed grade: -1, Delay Type: min_max.
INFO: [Timing 38-191] Multithreading enabled for timing update using a maximum of 2 CPUs
INFO: [runtcl-4] Executing : report_incremental_reuse -file system_wrapper_incremental_reuse_routed.rpt
INFO: [Vivado_Tcl 4-1062] Incremental flow is disabled. No incremental reuse Info to report.
INFO: [runtcl-4] Executing : report_clock_utilization -file system_wrapper_clock_utilization_routed.rpt
INFO: [runtcl-4] Executing : report_bus_skew -warn_on_violation -file system_wrapper_bus_skew_routed.rpt -pb system_wrapper_bus_skew_routed.pb -rpx system_wrapper_bus_skew_routed.rpx
INFO: [Timing 38-91] UpdateTimingParams: Speed grade: -1, Delay Type: min_max.
INFO: [Timing 38-191] Multithreading enabled for timing update using a maximum of 2 CPUs
INFO: [Memdata 28-167] Found XPM memory block system_i/axi_smc/inst/s00_nodes/s00_w_node/inst/inst_mi_handler/gen_normal_area.inst_fifo_node_payld/gen_xpm_memory_fifo.inst_fifo/gen_mem_rep[0].inst_xpm_memory/xpm_memory_base_inst with a P_MEMORY_PRIMITIVE property set to distributed. A value of block is required. You will not be able to use the updatemem program to update the bitstream with new data for the system_i/axi_smc/inst/s00_nodes/s00_w_node/inst/inst_mi_handler/gen_normal_area.inst_fifo_node_payld/gen_xpm_memory_fifo.inst_fifo/gen_mem_rep[0].inst_xpm_memory/xpm_memory_base_inst block.
INFO: [Memdata 28-167] Found XPM memory block system_i/axi_smc/inst/s00_nodes/s00_r_node/inst/inst_mi_handler/gen_normal_area.inst_fifo_node_payld/gen_xpm_memory_fifo.inst_fifo/gen_mem_rep[0].inst_xpm_memory/xpm_memory_base_inst with a P_MEMORY_PRIMITIVE property set to distributed. A value of block is required. You will not be able to use the updatemem program to update the bitstream with new data for the system_i/axi_smc/inst/s00_nodes/s00_r_node/inst/inst_mi_handler/gen_normal_area.inst_fifo_node_payld/gen_xpm_memory_fifo.inst_fifo/gen_mem_rep[0].inst_xpm_memory/xpm_memory_base_inst block.
INFO: [Memdata 28-167] Found XPM memory block system_i/axi_smc/inst/s00_nodes/s00_b_node/inst/inst_mi_handler/gen_normal_area.inst_fifo_node_payld/gen_xpm_memory_fifo.inst_fifo/gen_mem_rep[0].inst_xpm_memory/xpm_memory_base_inst with a P_MEMORY_PRIMITIVE property set to distributed. A value of block is required. You will not be able to use the updatemem program to update the bitstream with new data for the system_i/axi_smc/inst/s00_nodes/s00_b_node/inst/inst_mi_handler/gen_normal_area.inst_fifo_node_payld/gen_xpm_memory_fifo.inst_fifo/gen_mem_rep[0].inst_xpm_memory/xpm_memory_base_inst block.
INFO: [Memdata 28-167] Found XPM memory block system_i/axi_smc/inst/s00_nodes/s00_aw_node/inst/inst_mi_handler/gen_normal_area.inst_fifo_node_payld/gen_xpm_memory_fifo.inst_fifo/gen_mem_rep[0].inst_xpm_memory/xpm_memory_base_inst with a P_MEMORY_PRIMITIVE property set to distributed. A value of block is required. You will not be able to use the updatemem program to update the bitstream with new data for the system_i/axi_smc/inst/s00_nodes/s00_aw_node/inst/inst_mi_handler/gen_normal_area.inst_fifo_node_payld/gen_xpm_memory_fifo.inst_fifo/gen_mem_rep[0].inst_xpm_memory/xpm_memory_base_inst block.
INFO: [Memdata 28-167] Found XPM memory block system_i/axi_smc/inst/s00_nodes/s00_ar_node/inst/inst_mi_handler/gen_normal_area.inst_fifo_node_payld/gen_xpm_memory_fifo.inst_fifo/gen_mem_rep[0].inst_xpm_memory/xpm_memory_base_inst with a P_MEMORY_PRIMITIVE property set to distributed. A value of block is required. You will not be able to use the updatemem program to update the bitstream with new data for the system_i/axi_smc/inst/s00_nodes/s00_ar_node/inst/inst_mi_handler/gen_normal_area.inst_fifo_node_payld/gen_xpm_memory_fifo.inst_fifo/gen_mem_rep[0].inst_xpm_memory/xpm_memory_base_inst block.
Command: write_bitstream -force system_wrapper.bit
Attempting to get a license for feature 'Implementation' and/or device 'xc7z020'
INFO: [Common 17-349] Got license for feature 'Implementation' and/or device 'xc7z020'
Running DRC as a precondition to command write_bitstream
INFO: [IP_Flow 19-1839] IP Catalog is up to date.
INFO: [DRC 23-27] Running DRC with 2 threads
INFO: [Vivado 12-3199] DRC finished with 0 Errors
INFO: [Vivado 12-3200] Please refer to the DRC report (report_drc) for more information.
INFO: [Designutils 20-2272] Running write_bitstream with 2 threads.
Loading data files...
Loading site data...
Loading route data...
Processing options...
Creating bitmap...
Creating bitstream...
Writing bitstream ./system_wrapper.bit...
INFO: [Vivado 12-1842] Bitgen Completed Successfully.
INFO: [Project 1-120] WebTalk data collection is mandatory when using a WebPACK part without a full Vivado license. To see the specific WebTalk data collected for your design, open the usage_statistics_webtalk.html or usage_statistics_webtalk.xml file in the implementation directory.
INFO: [Common 17-186] 'D:/Projects/SOC_Projects/wave_generator/wave_generator.runs/impl_1/usage_statistics_webtalk.xml' has been successfully sent to Xilinx on Thu Apr 15 17:34:53 2021. For additional details about this file, please refer to the WebTalk help file at C:/Xilinx/Vivado/2019.1/doc/webtalk_introduction.html.
INFO: [Common 17-83] Releasing license: Implementation
126 Infos, 0 Warnings, 0 Critical Warnings and 0 Errors encountered.
write_bitstream completed successfully
write_bitstream: Time (s): cpu = 00:00:21 ; elapsed = 00:00:21 . Memory (MB): peak = 2223.398 ; gain = 429.941
INFO: [Common 17-206] Exiting Vivado at Thu Apr 15 17:34:54 2021...
